TN:
SF:src\Applications\security\PasswordHash.js
FN:2,(anonymous_0)
FNF:1
FNH:1
FNDA:1,(anonymous_0)
DA:3,1
DA:7,4
LF:2
LH:2
BRF:0
BRH:0
end_of_record
TN:
SF:src\Applications\use_case\AddUserUseCase.js
FN:4,(anonymous_0)
FN:9,(anonymous_1)
FNF:2
FNH:2
FNDA:2,(anonymous_0)
FNDA:7,(anonymous_1)
DA:1,2
DA:5,2
DA:6,2
DA:10,7
DA:11,3
DA:12,2
DA:16,2
DA:19,2
LF:8
LH:8
BRF:0
BRH:0
end_of_record
TN:
SF:src\Applications\use_case\DeleteAuthenticationUseCase.js
FN:2,(anonymous_0)
FN:5,(anonymous_1)
FNF:2
FNH:2
FNDA:3,(anonymous_0)
FNDA:3,(anonymous_1)
DA:3,3
DA:6,3
DA:7,1
DA:12,2
DA:13,1
DA:17,1
DA:20,1
DA:26,1
LF:8
LH:8
BRDA:6,0,0,1
BRDA:6,0,1,2
BRDA:12,1,0,1
BRDA:12,1,1,1
BRF:4
BRH:4
end_of_record
TN:
SF:src\Applications\use_case\LogoutUserUseCase.js
FNF:0
FNH:0
LF:0
LH:0
BRF:0
BRH:0
end_of_record
TN:
SF:src\Commons\exceptions\AuthenticationError.js
FN:4,(anonymous_0)
FNF:1
FNH:1
FNDA:1,(anonymous_0)
DA:1,1
DA:5,1
DA:7,1
DA:11,1
LF:4
LH:4
BRF:0
BRH:0
end_of_record
TN:
SF:src\Commons\exceptions\ClientError.js
FN:2,(anonymous_0)
FNF:1
FNH:1
FNDA:19,(anonymous_0)
DA:3,19
DA:5,19
DA:6,1
DA:9,18
DA:10,18
DA:14,8
LF:6
LH:6
BRDA:2,0,0,17
BRDA:5,1,0,1
BRDA:5,1,1,18
BRF:3
BRH:3
end_of_record
TN:
SF:src\Commons\exceptions\DomainErrorTranslator.js
FN:4,(anonymous_0)
FNF:1
FNH:1
FNDA:11,(anonymous_0)
DA:1,2
DA:3,2
DA:5,11
DA:9,2
DA:24,2
LF:5
LH:5
BRDA:5,0,0,11
BRDA:5,0,1,3
BRF:2
BRH:2
end_of_record
TN:
SF:src\Commons\exceptions\InvariantError.js
FN:4,(anonymous_0)
FNF:1
FNH:1
FNDA:16,(anonymous_0)
DA:1,5
DA:5,16
DA:7,16
DA:11,5
LF:4
LH:4
BRF:0
BRH:0
end_of_record
TN:
SF:src\Commons\exceptions\NotFoundError.js
FN:4,(anonymous_0)
FNF:1
FNH:1
FNDA:1,(anonymous_0)
DA:1,1
DA:5,1
DA:7,1
DA:11,1
LF:4
LH:4
BRF:0
BRH:0
end_of_record
TN:
SF:src\Domains\authentications\AuthenticationRepository.js
FN:2,(anonymous_0)
FN:6,(anonymous_1)
FN:10,(anonymous_2)
FNF:3
FNH:3
FNDA:1,(anonymous_0)
FNDA:1,(anonymous_1)
FNDA:1,(anonymous_2)
DA:3,1
DA:7,1
DA:11,1
DA:15,4
LF:4
LH:4
BRF:0
BRH:0
end_of_record
TN:
SF:src\Domains\authentications\entities\NewAuth.js
FN:2,(anonymous_0)
FNF:1
FNH:1
FNDA:3,(anonymous_0)
DA:3,3
DA:4,1
DA:7,2
DA:11,1
DA:14,1
DA:15,1
DA:19,1
LF:7
LH:7
BRDA:3,0,0,1
BRDA:3,0,1,2
BRDA:3,1,0,3
BRDA:3,1,1,3
BRDA:7,2,0,1
BRDA:7,2,1,1
BRDA:8,3,0,2
BRDA:8,3,1,2
BRF:8
BRH:8
end_of_record
TN:
SF:src\Domains\users\UserRepository.js
FN:2,(anonymous_0)
FN:6,(anonymous_1)
FNF:2
FNH:2
FNDA:1,(anonymous_0)
FNDA:1,(anonymous_1)
DA:3,1
DA:7,1
DA:11,4
LF:3
LH:3
BRF:0
BRH:0
end_of_record
TN:
SF:src\Domains\users\entities\RegisterUser.js
FN:2,(anonymous_0)
FN:11,(anonymous_1)
FNF:2
FNH:2
FNDA:15,(anonymous_0)
FNDA:15,(anonymous_1)
DA:3,15
DA:5,7
DA:6,7
DA:7,7
DA:8,7
DA:12,15
DA:13,2
DA:16,13
DA:21,2
DA:24,11
DA:25,2
DA:28,9
DA:29,2
DA:34,4
LF:14
LH:14
BRDA:12,0,0,2
BRDA:12,0,1,13
BRDA:12,1,0,15
BRDA:12,1,1,14
BRDA:12,1,2,14
BRDA:16,2,0,2
BRDA:16,2,1,11
BRDA:17,3,0,13
BRDA:17,3,1,12
BRDA:17,3,2,12
BRDA:24,4,0,2
BRDA:24,4,1,9
BRDA:28,5,0,2
BRDA:28,5,1,7
BRF:14
BRH:14
end_of_record
TN:
SF:src\Domains\users\entities\RegisteredUser.js
FN:2,(anonymous_0)
FN:12,(anonymous_1)
FNF:2
FNH:2
FNDA:9,(anonymous_0)
FNDA:9,(anonymous_1)
DA:3,9
DA:5,7
DA:7,7
DA:8,7
DA:9,7
DA:13,9
DA:14,1
DA:17,8
DA:22,1
DA:27,4
LF:10
LH:10
BRDA:13,0,0,1
BRDA:13,0,1,8
BRDA:13,1,0,9
BRDA:13,1,1,8
BRDA:13,1,2,8
BRDA:17,2,0,1
BRDA:17,2,1,7
BRDA:18,3,0,8
BRDA:18,3,1,7
BRDA:18,3,2,7
BRF:10
BRH:10
end_of_record
TN:
SF:src\Infrastructures\http\createServer.js
FN:7,(anonymous_0)
FN:20,(anonymous_1)
FNF:2
FNH:2
FNDA:7,(anonymous_0)
FNDA:7,(anonymous_1)
DA:1,1
DA:2,1
DA:3,1
DA:4,1
DA:5,1
DA:7,1
DA:8,7
DA:13,7
DA:20,7
DA:21,7
DA:23,7
DA:24,6
DA:25,6
DA:26,5
DA:31,5
DA:32,5
DA:35,1
DA:36,0
DA:39,1
DA:43,1
DA:44,1
DA:47,1
DA:50,7
DA:53,1
LF:24
LH:23
BRDA:23,0,0,6
BRDA:23,0,1,1
BRDA:25,1,0,5
BRDA:25,1,1,1
BRDA:35,2,0,0
BRDA:35,2,1,1
BRF:6
BRH:5
end_of_record
TN:
SF:src\Infrastructures\repository\AuthenticationRepositoryPostgres.js
FN:5,(anonymous_0)
FN:10,(anonymous_1)
FN:21,(anonymous_2)
FN:34,(anonymous_3)
FNF:4
FNH:4
FNDA:4,(anonymous_0)
FNDA:1,(anonymous_1)
FNDA:2,(anonymous_2)
FNDA:1,(anonymous_3)
DA:1,1
DA:2,1
DA:6,4
DA:7,4
DA:11,1
DA:16,1
DA:18,1
DA:22,2
DA:27,2
DA:29,2
DA:30,1
DA:35,1
DA:40,1
DA:42,1
DA:46,1
LF:15
LH:15
BRDA:29,0,0,1
BRDA:29,0,1,1
BRF:2
BRH:2
end_of_record
TN:
SF:src\Infrastructures\repository\UserRepositoryPostgres.js
FN:6,(anonymous_0)
FN:12,(anonymous_1)
FN:25,(anonymous_2)
FNF:3
FNH:3
FNDA:5,(anonymous_0)
FNDA:4,(anonymous_1)
FNDA:3,(anonymous_2)
DA:1,2
DA:2,2
DA:3,2
DA:7,5
DA:8,5
DA:9,5
DA:13,4
DA:18,4
DA:20,4
DA:21,2
DA:26,3
DA:27,3
DA:28,3
DA:33,3
DA:35,3
DA:39,2
LF:16
LH:16
BRDA:20,0,0,2
BRDA:20,0,1,2
BRF:2
BRH:2
end_of_record
TN:
SF:src\Infrastructures\security\BcryptPasswordHash.js
FN:4,(anonymous_0)
FN:10,(anonymous_1)
FNF:2
FNH:2
FNDA:2,(anonymous_0)
FNDA:2,(anonymous_1)
DA:1,2
DA:5,2
DA:6,2
DA:7,2
DA:11,2
DA:15,2
LF:6
LH:6
BRDA:4,0,0,2
BRF:1
BRH:1
end_of_record
TN:
SF:src\Interfaces\http\api\users\handler.js
FN:4,(anonymous_0)
FN:9,(anonymous_1)
FNF:2
FNH:2
FNDA:7,(anonymous_0)
FNDA:7,(anonymous_1)
DA:1,1
DA:5,7
DA:6,7
DA:10,7
DA:11,6
DA:13,1
DA:20,1
DA:21,1
DA:25,1
LF:9
LH:9
BRF:0
BRH:0
end_of_record
TN:
SF:src\Interfaces\http\api\users\index.js
FN:6,(anonymous_0)
FNF:1
FNH:1
FNDA:7,(anonymous_0)
DA:1,1
DA:2,1
DA:4,1
DA:7,7
DA:8,7
LF:5
LH:5
BRF:0
BRH:0
end_of_record
TN:
SF:src\Interfaces\http\api\users\routes.js
FN:1,(anonymous_0)
FNF:1
FNH:1
FNDA:7,(anonymous_0)
DA:1,7
DA:9,1
LF:2
LH:2
BRF:0
BRH:0
end_of_record
